Start testing: Sep 27 06:55 JST
----------------------------------------------------------
1/2 Testing: TaskTest
1/2 Test: TaskTest
Command: "/home/aizaki/workspace/timetrack/build/test/TaskTest"
Directory: /home/aizaki/workspace/timetrack/build
"TaskTest" start time: Sep 27 06:55 JST
Output:
----------------------------------------------------------
Running main() from /home/aizaki/googletest-1.13.0/googletest/src/gtest_main.cc
[==========] Running 4 tests from 1 test suite.
[----------] Global test environment set-up.
[----------] 4 tests from TaskTest
[ RUN      ] TaskTest.CreateTask
[       OK ] TaskTest.CreateTask (0 ms)
[ RUN      ] TaskTest.TaskLifecycle
[       OK ] TaskTest.TaskLifecycle (0 ms)
[ RUN      ] TaskTest.TimeManage
[       OK ] TaskTest.TimeManage (3000 ms)
[ RUN      ] TaskTest.WorkHistory
[       OK ] TaskTest.WorkHistory (3000 ms)
[----------] 4 tests from TaskTest (6000 ms total)

[----------] Global test environment tear-down
[==========] 4 tests from 1 test suite ran. (6001 ms total)
[  PASSED  ] 4 tests.
<end of output>
Test time =   6.00 sec
----------------------------------------------------------
Test Passed.
"TaskTest" end time: Sep 27 06:55 JST
"TaskTest" time elapsed: 00:00:06
----------------------------------------------------------

2/2 Testing: WorkHistoryTest
2/2 Test: WorkHistoryTest
Command: "/home/aizaki/workspace/timetrack/build/test/WorkHistoryTest"
Directory: /home/aizaki/workspace/timetrack/build
"WorkHistoryTest" start time: Sep 27 06:55 JST
Output:
----------------------------------------------------------
Running main() from /home/aizaki/googletest-1.13.0/googletest/src/gtest_main.cc
[==========] Running 2 tests from 1 test suite.
[----------] Global test environment set-up.
[----------] 2 tests from WorkHistoryTest
[ RUN      ] WorkHistoryTest.AddWorkLog
[       OK ] WorkHistoryTest.AddWorkLog (0 ms)
[ RUN      ] WorkHistoryTest.GetWorkLog
[       OK ] WorkHistoryTest.GetWorkLog (0 ms)
[----------] 2 tests from WorkHistoryTest (0 ms total)

[----------] Global test environment tear-down
[==========] 2 tests from 1 test suite ran. (0 ms total)
[  PASSED  ] 2 tests.
<end of output>
Test time =   0.00 sec
----------------------------------------------------------
Test Passed.
"WorkHistoryTest" end time: Sep 27 06:55 JST
"WorkHistoryTest" time elapsed: 00:00:00
----------------------------------------------------------

End testing: Sep 27 06:55 JST
